Version: nightly
Build Time: 2026.03.12
Platform: windows (amd64)
Vulkan 1.3.239
RAM in Use: 140 MB / OS Reserved: 245 MB
Active Goroutines: 3
Timestamp: 2026-03-13 02:33:45

Engine error

Error: external/script/main.lua:3107: data/common2.cns:2628:
-deg(atan((root,vel y),(root,vel x)))
angle: Missing ')' before ,
stack traceback:
	[G]: in function 'game'
	external/script/main.lua:3107: in function 'f'
	external/script/main.lua:2332: in function 'loop'
	external/script/main.lua:3641: in main chunk
	[G]: ?

Go stack traceback:
goroutine 1 [running, locked to thread]:
runtime/debug.Stack()
	runtime/debug/stack.go:24 +0x65
main.handlePanic({0x7ff70bd28a80?, 0xc00215dfc0})
	github.com/ikemen-engine/Ikemen-GO/src/main.go:363 +0x3e5
main.realMain.func1()
	github.com/ikemen-engine/Ikemen-GO/src/main.go:66 +0x2a
panic({0x7ff70bd28a80, 0xc00215dfc0})
	runtime/panic.go:884 +0x213
main.realMain()
	github.com/ikemen-engine/Ikemen-GO/src/main.go:206 +0x56d
main.main()
	github.com/ikemen-engine/Ikemen-GO/src/main.go:59 +0x17
