Version: nightly
Build Time: 2026.03.12
Platform: windows (amd64)
OpenGL 3.3
RAM in Use: 163 MB / OS Reserved: 217 MB
Active Goroutines: 3
Timestamp: 2026-03-14 23:09:03

Engine error

Error: .\external\script\start.lua:1672: chars/06/06.cns:941:
Missing trigger1
stack traceback:
	[G]: in function 'game'
	.\external\script\start.lua:1672: in function 'f_game'
	.\external\script\start.lua:2248: in function 'launchFight'
	external/script/default.lua:2: in function <external/script/default.lua:0>
	.\external\script\start.lua:1739: in function 'f'
	external/script/main.lua:2332: in function 'loop'
	external/script/main.lua:3641: in main chunk
	[G]: ?

Go stack traceback:
goroutine 1 [running, locked to thread]:
runtime/debug.Stack()
	runtime/debug/stack.go:24 +0x65
main.handlePanic({0x7ff6f2ee8a80?, 0xc00120b8c0})
	github.com/ikemen-engine/Ikemen-GO/src/main.go:363 +0x3e5
main.realMain.func1()
	github.com/ikemen-engine/Ikemen-GO/src/main.go:66 +0x2a
panic({0x7ff6f2ee8a80, 0xc00120b8c0})
	runtime/panic.go:884 +0x213
main.realMain()
	github.com/ikemen-engine/Ikemen-GO/src/main.go:206 +0x56d
main.main()
	github.com/ikemen-engine/Ikemen-GO/src/main.go:59 +0x17
