Version: nightly
Build Time: 2026.03.12
Platform: windows (amd64)
OpenGL 3.3
RAM in Use: 20 MB / OS Reserved: 52 MB
Active Goroutines: 3
Timestamp: 2026-03-14 17:38:50

Engine error

Error: external/script/main.lua:754: data/common2.cns:2266:
value not specified
stack traceback:
	[G]: in function 'game'
	external/script/main.lua:754: in function 'f_commandLine'
	external/script/main.lua:763: in main chunk
	[G]: ?

Go stack traceback:
goroutine 1 [running, locked to thread]:
runtime/debug.Stack()
	runtime/debug/stack.go:24 +0x65
main.handlePanic({0x7ff6f2ee8a80?, 0xc000df6540})
	github.com/ikemen-engine/Ikemen-GO/src/main.go:363 +0x3e5
main.realMain.func1()
	github.com/ikemen-engine/Ikemen-GO/src/main.go:66 +0x2a
panic({0x7ff6f2ee8a80, 0xc000df6540})
	runtime/panic.go:884 +0x213
main.realMain()
	github.com/ikemen-engine/Ikemen-GO/src/main.go:206 +0x56d
main.main()
	github.com/ikemen-engine/Ikemen-GO/src/main.go:59 +0x17
